UnityExport2/launcher/build/intermediates/manifest_merge_blame_file/debug/processDebugMainManifest/manifest-merger-blame-debug-report.txt
1<?xml version="1.0" encoding="utf-8"?>
2<manifest xmlns:android="http://schemas.android.com/apk/res/android"
3    package="com.DefaultCompany.Mobilegametest"
4    android:installLocation="preferExternal"
5    android:versionCode="1"
6    android:versionName="1.0" >
7
8    <uses-sdk
9        android:minSdkVersion="23"
10        android:targetSdkVersion="36" />
11
12    <supports-screens
12-->src/main/AndroidManifest.xml:4:3-163
13        android:anyDensity="true"
13-->src/main/AndroidManifest.xml:4:135-160
14        android:largeScreens="true"
14-->src/main/AndroidManifest.xml:4:78-105
15        android:normalScreens="true"
15-->src/main/AndroidManifest.xml:4:49-77
16        android:smallScreens="true"
16-->src/main/AndroidManifest.xml:4:21-48
17        android:xlargeScreens="true" />
17-->src/main/AndroidManifest.xml:4:106-134
18
19    <uses-permission android:name="android.permission.INTERNET" />
19-->[:unityLibrary] AndroidManifest.xml:8:5-67
19-->[:unityLibrary] AndroidManifest.xml:8:22-64
20
21    <uses-feature android:glEsVersion="0x00030000" />
21-->[:unityLibrary] AndroidManifest.xml:10:5-54
21-->[:unityLibrary] AndroidManifest.xml:10:19-51
22    <uses-feature
22-->[:unityLibrary] AndroidManifest.xml:11:5-13:36
23        android:name="android.hardware.vulkan.version"
23-->[:unityLibrary] AndroidManifest.xml:12:9-55
24        android:required="false" />
24-->[:unityLibrary] AndroidManifest.xml:13:9-33
25    <uses-feature
25-->[:unityLibrary] AndroidManifest.xml:14:5-16:36
26        android:name="android.hardware.touchscreen"
26-->[:unityLibrary] AndroidManifest.xml:15:9-52
27        android:required="false" />
27-->[:unityLibrary] AndroidManifest.xml:16:9-33
28    <uses-feature
28-->[:unityLibrary] AndroidManifest.xml:17:5-19:36
29        android:name="android.hardware.touchscreen.multitouch"
29-->[:unityLibrary] AndroidManifest.xml:18:9-63
30        android:required="false" />
30-->[:unityLibrary] AndroidManifest.xml:19:9-33
31    <uses-feature
31-->[:unityLibrary] AndroidManifest.xml:20:5-22:36
32        android:name="android.hardware.touchscreen.multitouch.distinct"
32-->[:unityLibrary] AndroidManifest.xml:21:9-72
33        android:required="false" />
33-->[:unityLibrary] AndroidManifest.xml:22:9-33
34
35    <permission
35-->[androidx.core:core:1.9.0] AndroidManifest.xml:22:5-24:47
36        android:name="com.DefaultCompany.Mobilegametest.DYNAMIC_RECEIVER_NOT_EXPORTED_PERMISSION"
36-->[androidx.core:core:1.9.0] AndroidManifest.xml:23:9-81
37        android:protectionLevel="signature" />
37-->[androidx.core:core:1.9.0] AndroidManifest.xml:24:9-44
38
39    <uses-permission android:name="com.DefaultCompany.Mobilegametest.DYNAMIC_RECEIVER_NOT_EXPORTED_PERMISSION" />
39-->[androidx.core:core:1.9.0] AndroidManifest.xml:26:5-97
39-->[androidx.core:core:1.9.0] AndroidManifest.xml:26:22-94
40
41    <application
41-->src/main/AndroidManifest.xml:3:3-83
42        android:appCategory="game"
42-->[:unityLibrary] AndroidManifest.xml:25:9-35
43        android:appComponentFactory="androidx.core.app.CoreComponentFactory"
43-->[androidx.core:core:1.9.0] AndroidManifest.xml:28:18-86
44        android:debuggable="true"
45        android:enableOnBackInvokedCallback="false"
45-->[:unityLibrary] AndroidManifest.xml:26:9-52
46        android:extractNativeLibs="true"
47        android:icon="@mipmap/app_icon"
47-->src/main/AndroidManifest.xml:3:16-47
48        android:label="@string/app_name"
48-->src/main/AndroidManifest.xml:3:48-80
49        android:testOnly="true" >
50        <meta-data
50-->[:unityLibrary] AndroidManifest.xml:28:9-30:33
51            android:name="unity.splash-mode"
51-->[:unityLibrary] AndroidManifest.xml:29:13-45
52            android:value="0" />
52-->[:unityLibrary] AndroidManifest.xml:30:13-30
53        <meta-data
53-->[:unityLibrary] AndroidManifest.xml:31:9-33:36
54            android:name="unity.splash-enable"
54-->[:unityLibrary] AndroidManifest.xml:32:13-47
55            android:value="True" />
55-->[:unityLibrary] AndroidManifest.xml:33:13-33
56        <meta-data
56-->[:unityLibrary] AndroidManifest.xml:34:9-36:36
57            android:name="unity.launch-fullscreen"
57-->[:unityLibrary] AndroidManifest.xml:35:13-51
58            android:value="True" />
58-->[:unityLibrary] AndroidManifest.xml:36:13-33
59        <meta-data
59-->[:unityLibrary] AndroidManifest.xml:37:9-39:36
60            android:name="unity.render-outside-safearea"
60-->[:unityLibrary] AndroidManifest.xml:38:13-57
61            android:value="True" />
61-->[:unityLibrary] AndroidManifest.xml:39:13-33
62        <meta-data
62-->[:unityLibrary] AndroidManifest.xml:40:9-42:50
63            android:name="notch.config"
63-->[:unityLibrary] AndroidManifest.xml:41:13-40
64            android:value="portrait|landscape" />
64-->[:unityLibrary] AndroidManifest.xml:42:13-47
65        <meta-data
65-->[:unityLibrary] AndroidManifest.xml:43:9-45:36
66            android:name="unity.auto-report-fully-drawn"
66-->[:unityLibrary] AndroidManifest.xml:44:13-57
67            android:value="true" />
67-->[:unityLibrary] AndroidManifest.xml:45:13-33
68        <meta-data
68-->[:unityLibrary] AndroidManifest.xml:46:9-48:36
69            android:name="unity.strip-engine-code"
69-->[:unityLibrary] AndroidManifest.xml:47:13-51
70            android:value="true" />
70-->[:unityLibrary] AndroidManifest.xml:48:13-33
71        <meta-data
71-->[:unityLibrary] AndroidManifest.xml:49:9-51:36
72            android:name="unity.auto-set-game-state"
72-->[:unityLibrary] AndroidManifest.xml:50:13-53
73            android:value="true" />
73-->[:unityLibrary] AndroidManifest.xml:51:13-33
74
75        <activity
75-->[:unityLibrary] AndroidManifest.xml:53:9-88:20
76            android:name="com.unity3d.player.UnityPlayerGameActivity"
76-->[:unityLibrary] AndroidManifest.xml:54:13-70
77            android:configChanges="mcc|mnc|locale|touchscreen|keyboard|keyboardHidden|navigation|orientation|screenLayout|uiMode|screenSize|smallestScreenSize|fontScale|layoutDirection|density"
77-->[:unityLibrary] AndroidManifest.xml:55:13-194
78            android:enabled="true"
78-->[:unityLibrary] AndroidManifest.xml:56:13-35
79            android:exported="true"
79-->[:unityLibrary] AndroidManifest.xml:57:13-36
80            android:hardwareAccelerated="false"
80-->[:unityLibrary] AndroidManifest.xml:58:13-48
81            android:launchMode="singleTask"
81-->[:unityLibrary] AndroidManifest.xml:59:13-44
82            android:resizeableActivity="true"
82-->[:unityLibrary] AndroidManifest.xml:60:13-46
83            android:screenOrientation="fullUser"
83-->[:unityLibrary] AndroidManifest.xml:61:13-49
84            android:theme="@style/BaseUnityGameActivityTheme" >
84-->[:unityLibrary] AndroidManifest.xml:62:13-62
85            <intent-filter>
85-->[:unityLibrary] AndroidManifest.xml:63:13-67:29
86                <category android:name="android.intent.category.LAUNCHER" />
86-->[:unityLibrary] AndroidManifest.xml:64:17-77
86-->[:unityLibrary] AndroidManifest.xml:64:27-74
87
88                <action android:name="android.intent.action.MAIN" />
88-->[:unityLibrary] AndroidManifest.xml:66:17-69
88-->[:unityLibrary] AndroidManifest.xml:66:25-66
89            </intent-filter>
90
91            <meta-data
91-->[:unityLibrary] AndroidManifest.xml:69:13-71:40
92                android:name="unityplayer.UnityActivity"
92-->[:unityLibrary] AndroidManifest.xml:70:17-57
93                android:value="true" />
93-->[:unityLibrary] AndroidManifest.xml:71:17-37
94            <meta-data
94-->[:unityLibrary] AndroidManifest.xml:72:13-74:40
95                android:name="android.app.lib_name"
95-->[:unityLibrary] AndroidManifest.xml:73:17-52
96                android:value="game" />
96-->[:unityLibrary] AndroidManifest.xml:74:17-37
97            <meta-data
97-->[:unityLibrary] AndroidManifest.xml:75:13-77:71
98                android:name="WindowManagerPreference:FreeformWindowSize"
98-->[:unityLibrary] AndroidManifest.xml:76:17-74
99                android:value="@string/FreeformWindowSize_maximize" />
99-->[:unityLibrary] AndroidManifest.xml:77:17-68
100            <meta-data
100-->[:unityLibrary] AndroidManifest.xml:78:13-80:79
101                android:name="WindowManagerPreference:FreeformWindowOrientation"
101-->[:unityLibrary] AndroidManifest.xml:79:17-81
102                android:value="@string/FreeformWindowOrientation_landscape" />
102-->[:unityLibrary] AndroidManifest.xml:80:17-76
103            <meta-data
103-->[:unityLibrary] AndroidManifest.xml:81:13-83:40
104                android:name="notch_support"
104-->[:unityLibrary] AndroidManifest.xml:82:17-45
105                android:value="true" />
105-->[:unityLibrary] AndroidManifest.xml:83:17-37
106
107            <layout
107-->[:unityLibrary] AndroidManifest.xml:85:13-87:44
108                android:minHeight="300px"
108-->[:unityLibrary] AndroidManifest.xml:86:17-42
109                android:minWidth="400px" />
109-->[:unityLibrary] AndroidManifest.xml:87:17-41
110        </activity>
111
112        <provider
112-->[androidx.emoji2:emoji2:1.2.0] AndroidManifest.xml:24:9-32:20
113            android:name="androidx.startup.InitializationProvider"
113-->[androidx.emoji2:emoji2:1.2.0] AndroidManifest.xml:25:13-67
114            android:authorities="com.DefaultCompany.Mobilegametest.androidx-startup"
114-->[androidx.emoji2:emoji2:1.2.0] AndroidManifest.xml:26:13-68
115            android:exported="false" >
115-->[androidx.emoji2:emoji2:1.2.0] AndroidManifest.xml:27:13-37
116            <meta-data
116-->[androidx.emoji2:emoji2:1.2.0] AndroidManifest.xml:29:13-31:52
117                android:name="androidx.emoji2.text.EmojiCompatInitializer"
117-->[androidx.emoji2:emoji2:1.2.0] AndroidManifest.xml:30:17-75
118                android:value="androidx.startup" />
118-->[androidx.emoji2:emoji2:1.2.0] AndroidManifest.xml:31:17-49
119            <meta-data
119-->[androidx.lifecycle:lifecycle-process:2.4.1] AndroidManifest.xml:31:13-33:52
120                android:name="androidx.lifecycle.ProcessLifecycleInitializer"
120-->[androidx.lifecycle:lifecycle-process:2.4.1] AndroidManifest.xml:32:17-78
121                android:value="androidx.startup" />
121-->[androidx.lifecycle:lifecycle-process:2.4.1] AndroidManifest.xml:33:17-49
122        </provider>
123    </application>
124
125</manifest>